CREATE EXTENSION douban_fdw;
CREATE SERVER doubansv FOREIGN DATA WRAPPER douban_fdw;
CREATE FOREIGN TABLE top250(rating REAL, title TEXT, genres VARCHAR(64), casts VARCHAR(256), collectcount INTEGER, originname TEXT, directors VARCHAR(256), year VARCHAR(32)) SERVER doubansv OPTIONS(rank_name 'top250');
CREATE FOREIGN TABLE usbox(rating REAL, title TEXT, genres VARCHAR(64), casts VARCHAR(256), collectcount INTEGER, originname TEXT, directors VARCHAR(256), year VARCHAR(32)) SERVER doubansv OPTIONS(rank_name 'us_box');
SELECT count(1) FROM top250;
 count 
-------
   250
(1 row)

SELECT count(*) FROM usbox;
 count 
-------
    10
(1 row)

SELECT originname, title FROM top250 WHERE CAST(year AS INT) = 1994 ORDER BY rating DESC, title;
        originname        |     title      
--------------------------+----------------
 The Shawshank Redemption | 肖申克的救赎
 Léon                     | 这个杀手不太冷
 Forrest Gump             | 阿甘正传
 活着                     | 活着
 飲食男女                 | 饮食男女
 The Lion King            | 狮子王
 Pulp Fiction             | 低俗小说
 Legends of the Fall      | 燃情岁月
 阳光灿烂的日子           | 阳光灿烂的日子
 重慶森林                 | 重庆森林
 東邪西毒                 | 东邪西毒
(11 rows)

EXPLAIN SELECT rating, title, year FROM top250 WHERE rating NOT IN (SELECT rating FROM top250 WHERE year::int > 2000) ORDER BY rating DESC;
                                      QUERY PLAN                                      
--------------------------------------------------------------------------------------
 Sort  (cost=299.96..300.58 rows=250 width=118)
   Sort Key: top250.rating DESC
   ->  Foreign Scan on top250  (cost=40.00..290.00 rows=250 width=118)
         Filter: (NOT (hashed SubPlan 1))
         Douban Rank: top250
         Movie items: 250
         SubPlan 1
           ->  Foreign Scan on top250 top250_1  (cost=40.00..290.00 rows=250 width=4)
                 Filter: ((year)::integer > 2000)
                 Douban Rank: top250
                 Movie items: 250
(11 rows)

DROP FOREIGN TABLE usbox;
DROP FOREIGN TABLE top250;
DROP SERVER doubansv;
DROP EXTENSION douban_fdw CASCADE;
